2019-05-29 20:14:36 PM - root - WARNING[line :86]-6.logging模块:  warning message test2
2019-05-29 20:14:36 PM - root - ERROR[line :87]-6.logging模块:  error message test2
2019-05-29 20:14:36 PM - root - CRITICAL[line :88]-6.logging模块:  critical message test2
2019-05-29 20:15:29 PM - root - WARNING[line :88]-6.logging模块:  warning message test2
2019-05-29 20:15:29 PM - root - ERROR[line :89]-6.logging模块:  error message test2
2019-05-29 20:15:29 PM - root - CRITICAL[line :90]-6.logging模块:  critical message test2
2019-05-29 20:17:00 PM - root - DEBUG[line :88]-6.logging模块:  debug 信息错误 test2
2019-05-29 20:17:00 PM - root - INFO[line :89]-6.logging模块:  warning 信息错误 test2
2019-05-29 20:17:00 PM - root - WARNING[line :90]-6.logging模块:  warning message test2
2019-05-29 20:17:00 PM - root - ERROR[line :91]-6.logging模块:  error message test2
2019-05-29 20:17:00 PM - root - CRITICAL[line :92]-6.logging模块:  critical message test2
2019-05-29 20:19:27 PM - root - DEBUG[line :103]-6.logging妯″:  debug 淇℃璇 test2
2019-05-29 20:19:27 PM - root - INFO[line :104]-6.logging妯″:  warning 淇℃璇 test2
2019-05-29 20:19:27 PM - root - WARNING[line :105]-6.logging妯″:  warning message test2
2019-05-29 20:19:27 PM - root - ERROR[line :106]-6.logging妯″:  error message test2
2019-05-29 20:19:27 PM - root - CRITICAL[line :107]-6.logging妯″:  critical message test2
2019-05-29 20:19:55 PM - root - DEBUG[line :104]-6.logging妯″:  debug 淇℃璇 test2
2019-05-29 20:19:55 PM - root - INFO[line :105]-6.logging妯″:  warning 淇℃璇 test2
2019-05-29 20:19:55 PM - root - WARNING[line :106]-6.logging妯″:  warning message test2
2019-05-29 20:19:55 PM - root - ERROR[line :107]-6.logging妯″:  error message test2
2019-05-29 20:19:55 PM - root - CRITICAL[line :108]-6.logging妯″:  critical message test2
2019-05-29 20:20:21 PM - root - DEBUG[line :105]-6.logging妯″:  debug 淇℃璇 test2
2019-05-29 20:20:21 PM - root - INFO[line :106]-6.logging妯″:  warning 淇℃璇 test2
2019-05-29 20:20:21 PM - root - WARNING[line :107]-6.logging妯″:  warning message test2
2019-05-29 20:20:21 PM - root - ERROR[line :108]-6.logging妯″:  error message test2
2019-05-29 20:20:21 PM - root - CRITICAL[line :109]-6.logging妯″:  critical message test2
